<?xml version="1.0" encoding="UTF-8"?>
<!-- Generated by org.testng.reporters.JUnitReportReporter -->
<testsuite hostname="Omeshs-MacBook-Pro.local" failures="0" tests="2" name="tests.AddProductPageTest" time="29.735" errors="0" timestamp="09 Jan 2023 14:23:30 GMT" skipped="0">
  <testcase classname="tests.AddProductPageTest" name="run_verifyHomePageTitle" time="13.879"/>
  <testcase classname="tests.AddProductPageTest" name="run_addToCartTest" time="15.856"/>
</testsuite> <!-- tests.AddProductPageTest -->
