<?xml version="1.0" encoding="UTF-8"?>
<!-- Generated by org.testng.reporters.JUnitReportReporter -->
<testsuite hostname="Omeshs-MacBook-Pro.local" failures="0" tests="1" name="tests.CheckoutPageTest" time="22.891" errors="0" timestamp="09 Jan 2023 14:23:30 GMT" skipped="0">
  <testcase classname="tests.CheckoutPageTest" name="run_checkout" time="22.891"/>
</testsuite> <!-- tests.CheckoutPageTest -->
