<?xml version="1.0" encoding="UTF-8"?>
<!-- Generated by org.testng.reporters.JUnitReportReporter -->
<testsuite hostname="Omeshs-MacBook-Pro.local" failures="0" tests="1" name="tests.CartPageTest" time="25.628" errors="0" timestamp="09 Jan 2023 14:23:30 GMT" skipped="0">
  <testcase classname="tests.CartPageTest" name="run_verifyProductInCart_Checkout" time="25.628"/>
</testsuite> <!-- tests.CartPageTest -->
